<?xml version="1.0" encoding="UTF-8"?>
<!-- Generated by org.testng.reporters.JUnitXMLReporter -->
<testsuite ignored="0" hostname="DESKTOP-R3O90SV" failures="0" tests="8" name="Default test" time="12.511" errors="0" timestamp="2024-03-24T19:53:05 IST">
  <testcase classname="Features.SauceDemoLoginTest" name="loginTest" time="1.034"/>
  <testcase classname="Features.SauceDemoLoginTest" name="loginTest" time="0.478"/>
  <testcase classname="Features.SauceDemoLoginTest" name="loginTest" time="0.389"/>
  <testcase classname="Features.SauceDemoLoginTest" name="loginTest" time="5.413"/>
  <testcase classname="Features.SauceDemoLoginTest" name="loginTest" time="0.42"/>
  <testcase classname="Features.SauceDemoLoginTest" name="loginTest" time="0.434"/>
  <testcase classname="Features.SauceDemoLoginTest" name="loginTest" time="0.394"/>
  <testcase classname="Features.SauceDemoLoginTest" name="loginTest" time="0.36"/>
</testsuite> <!-- Default test -->
